<!DOCTYPE html PUBLIC "-//W3C//DTD XHTML 1.1//EN" "http://www.w3.org/TR/xhtml11/DTD/xhtml11.dtd">
<html xmlns="http://www.w3.org/1999/xhtml">
<head>
<meta charset='utf-8'>
<title>TestNG Report</title>
<style type="text/css">
table {margin-bottom:10px;border-collapse:collapse;empty-cells:show}
td,th {border:1px solid #009;padding:.25em .5em}
.result th {vertical-align:bottom}
.param th {padding-left:1em;padding-right:1em}
.param td {padding-left:.5em;padding-right:2em}
.stripe td,.stripe th {background-color: #E6EBF9}
.numi,.numi_attn {text-align:right}
.total td {font-weight:bold}
.passedodd td {background-color: #0A0}
.passedeven td {background-color: #3F3}
.skippedodd td {background-color: #CCC}
.skippedodd td {background-color: #DDD}
.failedodd td,.numi_attn {background-color: #F33}
.failedeven td,.stripe .numi_attn {background-color: #D00}
.stacktrace {white-space:pre;font-family:monospace}
.totop {font-size:85%;text-align:center;border-bottom:2px solid #000}
</style>
</head>
<body>
<table cellspacing="0" cellpadding="0" class="testOverview">
<tr><th>Test</th><th>Methods<br/>Passed</th><th>Scenarios<br/>Passed</th><th># skipped</th><th># failed</th><th>Total<br/>Time</th><th>Included<br/>Groups</th><th>Excluded<br/>Groups</th></tr>
<tr><td style="text-align:left;padding-right:2em"><a href="#t1">C:/garymar2007/TestNG-example</a></td><td class="numi">29</td><td class="numi">29</td><td class="numi">0</td><td class="numi_attn">1</td><td class="numi">0.1 seconds</td><td class="numi"></td><td class="numi"></td></tr>
</table>
<table cellspacing="0" cellpadding="0" class="methodOverview" id="summary">
<tr><th>Class</th><th>Method</th><th># of<br/>Scenarios</th><th>Start</th><th>Time<br/>(ms)</th></tr>
<tr id="t1"><th colspan="5">C:/garymar2007/TestNG-example &#8212; failed</th></tr>
<tr class="failedodd"><td>com.gary.integration.testgroup.SummationServiceIntegrationTest</td><td><a href="#m1"><b>givenNegativeNumber_sumLessthanZero_thenCorrect</b> (regression) </a></td><td class="numi">1</td><td>1710097276915</td><td class="numi">2</td></tr>
<tr><th colspan="5">C:/garymar2007/TestNG-example &#8212; passed</th></tr>
<tr class="passedodd"><td>com.gary.FirstTest</td><td><a href="#m2"><b>givenNumber_whenEvent_thenTrue</b>  </a></td><td class="numi">1</td><td>1710097276850</td><td class="numi">2</td></tr>
<tr class="passedeven"><td rowspan="6">com.gary.ParameterizedLongRunningUnitTest</td><td><a href="#m3"><b>givenNumberFromDataProvider_ifEvenCheckOK_thenCorrect</b>  </a></td><td class="numi">3</td><td>1710097276866</td><td class="numi">2</td></tr><tr class="passedeven"><td><a href="#m4"><b>givenNumberFromDataProvider_ifEvenCheckOK_thenCorrect</b>  </a></td><td class="numi">3</td><td>1710097276866</td><td class="numi">2</td></tr><tr class="passedeven"><td><a href="#m5"><b>givenNumberFromDataProvider_ifEvenCheckOK_thenCorrect</b>  </a></td><td class="numi">3</td><td>1710097276866</td><td class="numi">2</td></tr><tr class="passedeven"><td><a href="#m6"><b>givenNumberObjectFromDataProvider_ifEvenCheckOK_thenCorrect</b>  </a></td><td class="numi">3</td><td>1710097276870</td><td class="numi">10</td></tr><tr class="passedeven"><td><a href="#m7"><b>givenNumberObjectFromDataProvider_ifEvenCheckOK_thenCorrect</b>  </a></td><td class="numi">3</td><td>1710097276870</td><td class="numi">10</td></tr><tr class="passedeven"><td><a href="#m8"><b>givenNumberObjectFromDataProvider_ifEvenCheckOK_thenCorrect</b>  </a></td><td class="numi">3</td><td>1710097276870</td><td class="numi">10</td></tr>
<tr class="passedodd"><td rowspan="4">com.gary.integration.testgroup.GroupIntegrationTest</td><td><a href="#m9"><b>runSelenium</b> (selenium-test) </a></td><td class="numi">1</td><td>1710097276880</td><td class="numi">1</td></tr><tr class="passedodd"><td><a href="#m10"><b>runSelenium1</b> (selenium-test) </a></td><td class="numi">1</td><td>1710097276882</td><td class="numi">0</td></tr><tr class="passedodd"><td><a href="#m11"><b>testConnectMsSQL</b> (database) </a></td><td class="numi">1</td><td>1710097276883</td><td class="numi">0</td></tr><tr class="passedodd"><td><a href="#m12"><b>testConnectOracle</b> (database) </a></td><td class="numi">1</td><td>1710097276884</td><td class="numi">0</td></tr>
<tr class="passedeven"><td rowspan="10">com.gary.integration.testgroup.MultiThreadedIntegrationTest</td><td><a href="#m13"><b>givenMethod_whenRunInThreads_thenCorrect</b>  </a></td><td class="numi">10</td><td>1710097276898</td><td class="numi">10</td></tr><tr class="passedeven"><td><a href="#m14"><b>givenMethod_whenRunInThreads_thenCorrect</b>  </a></td><td class="numi">10</td><td>1710097276898</td><td class="numi">10</td></tr><tr class="passedeven"><td><a href="#m15"><b>givenMethod_whenRunInThreads_thenCorrect</b>  </a></td><td class="numi">10</td><td>1710097276898</td><td class="numi">10</td></tr><tr class="passedeven"><td><a href="#m16"><b>givenMethod_whenRunInThreads_thenCorrect</b>  </a></td><td class="numi">10</td><td>1710097276898</td><td class="numi">10</td></tr><tr class="passedeven"><td><a href="#m17"><b>givenMethod_whenRunInThreads_thenCorrect</b>  </a></td><td class="numi">10</td><td>1710097276898</td><td class="numi">10</td></tr><tr class="passedeven"><td><a href="#m18"><b>givenMethod_whenRunInThreads_thenCorrect</b>  </a></td><td class="numi">10</td><td>1710097276898</td><td class="numi">10</td></tr><tr class="passedeven"><td><a href="#m19"><b>givenMethod_whenRunInThreads_thenCorrect</b>  </a></td><td class="numi">10</td><td>1710097276898</td><td class="numi">10</td></tr><tr class="passedeven"><td><a href="#m20"><b>givenMethod_whenRunInThreads_thenCorrect</b>  </a></td><td class="numi">10</td><td>1710097276898</td><td class="numi">10</td></tr><tr class="passedeven"><td><a href="#m21"><b>givenMethod_whenRunInThreads_thenCorrect</b>  </a></td><td class="numi">10</td><td>1710097276898</td><td class="numi">10</td></tr><tr class="passedeven"><td><a href="#m22"><b>givenMethod_whenRunInThreads_thenCorrect</b>  </a></td><td class="numi">10</td><td>1710097276898</td><td class="numi">10</td></tr>
<tr class="passedodd"><td rowspan="2">com.gary.integration.testgroup.SummationServiceIntegrationTest</td><td><a href="#m23"><b>givenEmptyList_sumEqualsZero_thenCorrect</b> (negative_tests) </a></td><td class="numi">1</td><td>1710097276913</td><td class="numi">1</td></tr><tr class="passedodd"><td><a href="#m24"><b>givenNumber_whenThrowsException_thenCorrect</b>  </a></td><td class="numi">1</td><td>1710097276925</td><td class="numi">0</td></tr>
<tr class="passedeven"><td>com.gary.testsuite.RegistrationLongRunningUnitTest</td><td><a href="#m25"><b>whenCalledFromSuite_thanOK</b>  </a></td><td class="numi">1</td><td>1710097276928</td><td class="numi">0</td></tr>
<tr class="passedodd"><td>com.gary.testsuite.SignInLongRunningUnitTest</td><td><a href="#m26"><b>whenCalledFromSuite_thanOK</b>  </a></td><td class="numi">1</td><td>1710097276929</td><td class="numi">0</td></tr>
<tr class="passedeven"><td>com.gary.testsuite.SimpleLongRunningUnitTest</td><td><a href="#m27"><b>givenNumber_whenEven_thenTrue</b>  </a></td><td class="numi">1</td><td>1710097276930</td><td class="numi">0</td></tr>
<tr class="passedodd"><td>com.gary.unittest.DependentLongRunningUnitTest</td><td><a href="#m28"><b>givenEmail_ifValid_thenTrue</b>  </a></td><td class="numi">1</td><td>1710097276932</td><td class="numi">0</td></tr>
<tr class="passedeven"><td rowspan="2">com.gary.unittest.PriorityLongRunningUnitTest</td><td><a href="#m29"><b>givenString_whenChangedToInt_thenCorrect</b>  </a></td><td class="numi">1</td><td>1710097276933</td><td class="numi">0</td></tr><tr class="passedeven"><td><a href="#m30"><b>givenInt_whenChangedToString_thenCorrect</b>  </a></td><td class="numi">1</td><td>1710097276934</td><td class="numi">1</td></tr>
</table>
<h1>C:/garymar2007/TestNG-example</h1>
<h2 id="m1">com.gary.integration.testgroup.SummationServiceIntegrationTest:givenNegativeNumber_sumLessthanZero_thenCorrect</h2>
<div>
<div class="stacktrace">java.lang.AssertionError: expected [true] but found [false]
	at org.testng.Assert.fail(Assert.java:97)
	at org.testng.Assert.failNotEquals(Assert.java:969)
	at org.testng.Assert.assertTrue(Assert.java:43)
	at org.testng.Assert.assertTrue(Assert.java:53)
	at com.gary.integration.testgroup.SummationServiceIntegrationTest.givenNegativeNumber_sumLessthanZero_thenCorrect(SummationServiceIntegrationTest.java:94)
	at java.base/jdk.internal.reflect.NativeMethodAccessorImpl.invoke0(Native Method)
	at java.base/jdk.internal.reflect.NativeMethodAccessorImpl.invoke(NativeMethodAccessorImpl.java:77)
	at java.base/jdk.internal.reflect.DelegatingMethodAccessorImpl.invoke(DelegatingMethodAccessorImpl.java:43)
	at java.base/java.lang.reflect.Method.invoke(Method.java:568)
	at org.testng.internal.MethodInvocationHelper.invokeMethod(MethodInvocationHelper.java:134)
	at org.testng.internal.TestInvoker.invokeMethod(TestInvoker.java:597)
	at org.testng.internal.TestInvoker.invokeTestMethod(TestInvoker.java:173)
	at org.testng.internal.MethodRunner.runInSequence(MethodRunner.java:46)
	at org.testng.internal.TestInvoker$MethodInvocationAgent.invoke(TestInvoker.java:816)
	at org.testng.internal.TestInvoker.invokeTestMethods(TestInvoker.java:146)
	at org.testng.internal.TestMethodWorker.invokeTestMethods(TestMethodWorker.java:146)
	at org.testng.internal.TestMethodWorker.run(TestMethodWorker.java:128)
	at java.base/java.util.ArrayList.forEach(ArrayList.java:1511)
	at org.testng.TestRunner.privateRun(TestRunner.java:766)
	at org.testng.TestRunner.run(TestRunner.java:587)
	at org.testng.SuiteRunner.runTest(SuiteRunner.java:384)
	at org.testng.SuiteRunner.runSequentially(SuiteRunner.java:378)
	at org.testng.SuiteRunner.privateRun(SuiteRunner.java:337)
	at org.testng.SuiteRunner.run(SuiteRunner.java:286)
	at org.testng.SuiteRunnerWorker.runSuite(SuiteRunnerWorker.java:53)
	at org.testng.SuiteRunnerWorker.run(SuiteRunnerWorker.java:96)
	at org.testng.TestNG.runSuitesSequentially(TestNG.java:1187)
	at org.testng.TestNG.runSuitesLocally(TestNG.java:1109)
	at org.testng.TestNG.runSuites(TestNG.java:1039)
	at org.testng.TestNG.run(TestNG.java:1007)
	at com.intellij.rt.testng.IDEARemoteTestNG.run(IDEARemoteTestNG.java:66)
	at com.intellij.rt.testng.RemoteTestNGStarter.main(RemoteTestNGStarter.java:105)
</div>
</div>
<p class="totop"><a href="#summary">back to summary</a></p>
<h2 id="m2">com.gary.FirstTest:givenNumber_whenEvent_thenTrue</h2>
<p class="totop"><a href="#summary">back to summary</a></p>
<h2 id="m3">com.gary.ParameterizedLongRunningUnitTest:givenNumberObjectFromDataProvider_ifEvenCheckOK_thenCorrect</h2>
<table cellspacing="0" cellpadding="0" class="result">
<tr class="param"><th>Parameter #1</th></tr>
<tr class="param stripe"><td>EvenNumber{value=2, isEven=true}</td>
</tr>
</table>
<p class="totop"><a href="#summary">back to summary</a></p>
<h2 id="m4">com.gary.integration.testgroup.GroupIntegrationTest:testConnectMsSQL</h2>
<p class="totop"><a href="#summary">back to summary</a></p>
<h2 id="m5">com.gary.ParameterizedLongRunningUnitTest:givenNumberFromDataProvider_ifEvenCheckOK_thenCorrect</h2>
<table cellspacing="0" cellpadding="0" class="result">
<tr class="param"><th>Parameter #1</th><th>Parameter #2</th></tr>
<tr class="param stripe"><td>1</td>
<td>false</td>
</tr>
</table>
<p class="totop"><a href="#summary">back to summary</a></p>
<h2 id="m6">com.gary.integration.testgroup.MultiThreadedIntegrationTest:givenMethod_whenRunInThreads_thenCorrect</h2>
<p class="totop"><a href="#summary">back to summary</a></p>
<h2 id="m7">com.gary.integration.testgroup.MultiThreadedIntegrationTest:givenMethod_whenRunInThreads_thenCorrect</h2>
<p class="totop"><a href="#summary">back to summary</a></p>
<h2 id="m8">com.gary.integration.testgroup.MultiThreadedIntegrationTest:givenMethod_whenRunInThreads_thenCorrect</h2>
<p class="totop"><a href="#summary">back to summary</a></p>
<h2 id="m9">com.gary.integration.testgroup.SummationServiceIntegrationTest:givenNumber_whenThrowsException_thenCorrect</h2>
<div>
<div class="stacktrace">java.lang.ArithmeticException: / by zero
	at com.gary.integration.testgroup.SummationServiceIntegrationTest.givenNumber_whenThrowsException_thenCorrect(SummationServiceIntegrationTest.java:99)
	at java.base/jdk.internal.reflect.NativeMethodAccessorImpl.invoke0(Native Method)
	at java.base/jdk.internal.reflect.NativeMethodAccessorImpl.invoke(NativeMethodAccessorImpl.java:77)
	at java.base/jdk.internal.reflect.DelegatingMethodAccessorImpl.invoke(DelegatingMethodAccessorImpl.java:43)
	at java.base/java.lang.reflect.Method.invoke(Method.java:568)
	at org.testng.internal.MethodInvocationHelper.invokeMethod(MethodInvocationHelper.java:134)
	at org.testng.internal.TestInvoker.invokeMethod(TestInvoker.java:597)
	at org.testng.internal.TestInvoker.invokeTestMethod(TestInvoker.java:173)
	at org.testng.internal.MethodRunner.runInSequence(MethodRunner.java:46)
	at org.testng.internal.TestInvoker$MethodInvocationAgent.invoke(TestInvoker.java:816)
	at org.testng.internal.TestInvoker.invokeTestMethods(TestInvoker.java:146)
	at org.testng.internal.TestMethodWorker.invokeTestMethods(TestMethodWorker.java:146)
	at org.testng.internal.TestMethodWorker.run(TestMethodWorker.java:128)
	at java.base/java.util.ArrayList.forEach(ArrayList.java:1511)
	at org.testng.TestRunner.privateRun(TestRunner.java:766)
	at org.testng.TestRunner.run(TestRunner.java:587)
	at org.testng.SuiteRunner.runTest(SuiteRunner.java:384)
	at org.testng.SuiteRunner.runSequentially(SuiteRunner.java:378)
	at org.testng.SuiteRunner.privateRun(SuiteRunner.java:337)
	at org.testng.SuiteRunner.run(SuiteRunner.java:286)
	at org.testng.SuiteRunnerWorker.runSuite(SuiteRunnerWorker.java:53)
	at org.testng.SuiteRunnerWorker.run(SuiteRunnerWorker.java:96)
	at org.testng.TestNG.runSuitesSequentially(TestNG.java:1187)
	at org.testng.TestNG.runSuitesLocally(TestNG.java:1109)
	at org.testng.TestNG.runSuites(TestNG.java:1039)
	at org.testng.TestNG.run(TestNG.java:1007)
	at com.intellij.rt.testng.IDEARemoteTestNG.run(IDEARemoteTestNG.java:66)
	at com.intellij.rt.testng.RemoteTestNGStarter.main(RemoteTestNGStarter.java:105)
</div>
</div>
<p class="totop"><a href="#summary">back to summary</a></p>
<h2 id="m10">com.gary.integration.testgroup.MultiThreadedIntegrationTest:givenMethod_whenRunInThreads_thenCorrect</h2>
<p class="totop"><a href="#summary">back to summary</a></p>
<h2 id="m11">com.gary.testsuite.RegistrationLongRunningUnitTest:whenCalledFromSuite_thanOK</h2>
<p class="totop"><a href="#summary">back to summary</a></p>
<h2 id="m12">com.gary.integration.testgroup.MultiThreadedIntegrationTest:givenMethod_whenRunInThreads_thenCorrect</h2>
<p class="totop"><a href="#summary">back to summary</a></p>
<h2 id="m13">com.gary.integration.testgroup.MultiThreadedIntegrationTest:givenMethod_whenRunInThreads_thenCorrect</h2>
<p class="totop"><a href="#summary">back to summary</a></p>
<h2 id="m14">com.gary.unittest.PriorityLongRunningUnitTest:givenInt_whenChangedToString_thenCorrect</h2>
<p class="totop"><a href="#summary">back to summary</a></p>
<h2 id="m15">com.gary.unittest.PriorityLongRunningUnitTest:givenString_whenChangedToInt_thenCorrect</h2>
<p class="totop"><a href="#summary">back to summary</a></p>
<h2 id="m16">com.gary.integration.testgroup.MultiThreadedIntegrationTest:givenMethod_whenRunInThreads_thenCorrect</h2>
<p class="totop"><a href="#summary">back to summary</a></p>
<h2 id="m17">com.gary.integration.testgroup.GroupIntegrationTest:runSelenium</h2>
<p class="totop"><a href="#summary">back to summary</a></p>
<h2 id="m18">com.gary.integration.testgroup.SummationServiceIntegrationTest:givenEmptyList_sumEqualsZero_thenCorrect</h2>
<p class="totop"><a href="#summary">back to summary</a></p>
<h2 id="m19">com.gary.ParameterizedLongRunningUnitTest:givenNumberFromDataProvider_ifEvenCheckOK_thenCorrect</h2>
<table cellspacing="0" cellpadding="0" class="result">
<tr class="param"><th>Parameter #1</th><th>Parameter #2</th></tr>
<tr class="param stripe"><td>2</td>
<td>true</td>
</tr>
</table>
<p class="totop"><a href="#summary">back to summary</a></p>
<h2 id="m20">com.gary.integration.testgroup.GroupIntegrationTest:runSelenium1</h2>
<p class="totop"><a href="#summary">back to summary</a></p>
<h2 id="m21">com.gary.testsuite.SimpleLongRunningUnitTest:givenNumber_whenEven_thenTrue</h2>
<p class="totop"><a href="#summary">back to summary</a></p>
<h2 id="m22">com.gary.testsuite.SignInLongRunningUnitTest:whenCalledFromSuite_thanOK</h2>
<p class="totop"><a href="#summary">back to summary</a></p>
<h2 id="m23">com.gary.unittest.DependentLongRunningUnitTest:givenEmail_ifValid_thenTrue</h2>
<p class="totop"><a href="#summary">back to summary</a></p>
<h2 id="m24">com.gary.ParameterizedLongRunningUnitTest:givenNumberObjectFromDataProvider_ifEvenCheckOK_thenCorrect</h2>
<table cellspacing="0" cellpadding="0" class="result">
<tr class="param"><th>Parameter #1</th></tr>
<tr class="param stripe"><td>EvenNumber{value=1, isEven=false}</td>
</tr>
</table>
<p class="totop"><a href="#summary">back to summary</a></p>
<h2 id="m25">com.gary.ParameterizedLongRunningUnitTest:givenNumberFromDataProvider_ifEvenCheckOK_thenCorrect</h2>
<table cellspacing="0" cellpadding="0" class="result">
<tr class="param"><th>Parameter #1</th><th>Parameter #2</th></tr>
<tr class="param stripe"><td>4</td>
<td>true</td>
</tr>
</table>
<p class="totop"><a href="#summary">back to summary</a></p>
<h2 id="m26">com.gary.integration.testgroup.MultiThreadedIntegrationTest:givenMethod_whenRunInThreads_thenCorrect</h2>
<p class="totop"><a href="#summary">back to summary</a></p>
<h2 id="m27">com.gary.integration.testgroup.MultiThreadedIntegrationTest:givenMethod_whenRunInThreads_thenCorrect</h2>
<p class="totop"><a href="#summary">back to summary</a></p>
<h2 id="m28">com.gary.ParameterizedLongRunningUnitTest:givenNumberObjectFromDataProvider_ifEvenCheckOK_thenCorrect</h2>
<table cellspacing="0" cellpadding="0" class="result">
<tr class="param"><th>Parameter #1</th></tr>
<tr class="param stripe"><td>EvenNumber{value=4, isEven=true}</td>
</tr>
</table>
<p class="totop"><a href="#summary">back to summary</a></p>
<h2 id="m29">com.gary.integration.testgroup.GroupIntegrationTest:testConnectOracle</h2>
<p class="totop"><a href="#summary">back to summary</a></p>
<h2 id="m30">com.gary.integration.testgroup.MultiThreadedIntegrationTest:givenMethod_whenRunInThreads_thenCorrect</h2>
<p class="totop"><a href="#summary">back to summary</a></p>
</body></html>
